TN:
SF:src/gilded_rose.js
FN:2,(anonymous_0)
FN:10,(anonymous_1)
FN:13,(anonymous_2)
FNF:3
FNH:3
FNDA:24,(anonymous_0)
FNDA:23,(anonymous_1)
FNDA:23,(anonymous_2)
DA:3,24
DA:4,24
DA:5,24
DA:11,23
DA:14,23
DA:15,24
DA:16,10
DA:17,9
DA:18,5
DA:22,14
DA:23,12
DA:24,12
DA:25,7
DA:26,6
DA:27,5
DA:30,7
DA:31,4
DA:32,3
DA:38,24
DA:39,20
DA:41,24
DA:42,8
DA:43,5
DA:44,3
DA:45,3
DA:46,2
DA:50,2
DA:53,3
DA:54,3
DA:60,23
DA:64,1
LF:31
LH:31
BRDA:10,0,0,0
BRDA:15,1,0,10
BRDA:15,1,1,14
BRDA:15,2,0,24
BRDA:15,2,1,18
BRDA:16,3,0,9
BRDA:16,3,1,1
BRDA:17,4,0,5
BRDA:17,4,1,4
BRDA:22,5,0,12
BRDA:22,5,1,2
BRDA:24,6,0,7
BRDA:24,6,1,5
BRDA:25,7,0,6
BRDA:25,7,1,1
BRDA:26,8,0,5
BRDA:26,8,1,1
BRDA:30,9,0,4
BRDA:30,9,1,3
BRDA:31,10,0,3
BRDA:31,10,1,1
BRDA:38,11,0,20
BRDA:38,11,1,4
BRDA:41,12,0,8
BRDA:41,12,1,16
BRDA:42,13,0,5
BRDA:42,13,1,3
BRDA:43,14,0,3
BRDA:43,14,1,2
BRDA:44,15,0,3
BRDA:44,15,1,0
BRDA:45,16,0,2
BRDA:45,16,1,1
BRDA:53,17,0,3
BRDA:53,17,1,0
BRF:35
BRH:32
end_of_record
